<?xml version="1.0" encoding="UTF-8" ?>
<testsuite tests="5" failures="0" name="com.guilherme.marfeel.business.MarfeelizableTest" time="0.701" errors="0" skipped="0">
  <properties>
    <property name="java.runtime.name" value="Java(TM) SE Runtime Environment"/>
    <property name="sun.boot.library.path" value="C:\Java\jdk1.8.0_05\jre\bin"/>
    <property name="java.vm.version" value="25.5-b02"/>
    <property name="java.vm.vendor" value="Oracle Corporation"/>
    <property name="maven.multiModuleProjectDirectory" value="C:\Users\Guilherme\workspace\marfeel"/>
    <property name="java.vendor.url" value="http://java.oracle.com/"/>
    <property name="path.separator" value=";"/>
    <property name="guice.disable.misplaced.annotation.check" value="true"/>
    <property name="java.vm.name" value="Java HotSpot(TM) 64-Bit Server VM"/>
    <property name="file.encoding.pkg" value="sun.io"/>
    <property name="user.script" value=""/>
    <property name="user.country" value="BR"/>
    <property name="sun.java.launcher" value="SUN_STANDARD"/>
    <property name="sun.os.patch.level" value="Service Pack 1"/>
    <property name="java.vm.specification.name" value="Java Virtual Machine Specification"/>
    <property name="user.dir" value="C:\Users\Guilherme\workspace\marfeel"/>
    <property name="java.runtime.version" value="1.8.0_05-b13"/>
    <property name="java.awt.graphicsenv" value="sun.awt.Win32GraphicsEnvironment"/>
    <property name="java.endorsed.dirs" value="C:\Java\jdk1.8.0_05\jre\lib\endorsed"/>
    <property name="os.arch" value="amd64"/>
    <property name="java.io.tmpdir" value="C:\Users\GUILHE~1\AppData\Local\Temp\"/>
    <property name="line.separator" value="
"/>
    <property name="java.vm.specification.vendor" value="Oracle Corporation"/>
    <property name="user.variant" value=""/>
    <property name="os.name" value="Windows 7"/>
    <property name="classworlds.conf" value="C:\Users\Guilherme\workspace\.metadata\.plugins\org.eclipse.m2e.launching\launches\m2conf8486324758725523241.tmp"/>
    <property name="sun.jnu.encoding" value="Cp1252"/>
    <property name="java.library.path" value="C:\Java\jdk1.8.0_05\bin;C:\Windows\Sun\Java\bin;C:\Windows\system32;C:\Windows;C:/Java/jdk1.8.0_05/jre/bin/server;C:/Java/jdk1.8.0_05/jre/bin;C:/Java/jdk1.8.0_05/jre/lib/amd64;C:\Ruby\Ruby22\bin;C:\ProgramData\Oracle\Java\javapath;C:\Program Files (x86)\AMD APP\bin\x86_64;C:\Program Files (x86)\AMD APP\bin\x86;C:\Windows\system32;C:\Windows;C:\Windows\System32\Wbem;C:\Windows\System32\WindowsPowerShell\v1.0\;C:\Program Files (x86)\ATI Technologies\ATI.ACE\Core-Static;C:\Program Files (x86)\NVIDIA Corporation\PhysX\Common;C:\Java\jdk1.8.0_05\bin;C:\Java\apache-maven-3.0.5\bin;C:\Java\curl-7.52.1-win64-mingw\bin;C:\Program Files\Git\cmd;C:\Program Files (x86)\Git Cola\bin;C:\Program Files\TortoiseGit\bin;C:\Java\forge-distribution-2.20.2.Final\bin;C:\Program Files (x86)\Brackets\command;C:\Java\forge-distribution-2.20.2.Final\bin;C:\Program Files (x86)\Skype\Phone\;C:\Users\Guilherme\AppData\Local\atom\bin;C:\Java\eclipse-neon;;."/>
    <property name="java.specification.name" value="Java Platform API Specification"/>
    <property name="java.class.version" value="52.0"/>
    <property name="sun.management.compiler" value="HotSpot 64-Bit Tiered Compilers"/>
    <property name="os.version" value="6.1"/>
    <property name="user.home" value="C:\Users\Guilherme"/>
    <property name="user.timezone" value="America/Sao_Paulo"/>
    <property name="java.awt.printerjob" value="sun.awt.windows.WPrinterJob"/>
    <property name="java.specification.version" value="1.8"/>
    <property name="file.encoding" value="UTF-8"/>
    <property name="user.name" value="Guilherme"/>
    <property name="java.class.path" value="/C:/Java/eclipse-neon/plugins/org.eclipse.m2e.maven.runtime_1.7.1.20161104-1803/jars/plexus-classworlds-2.5.2.jar"/>
    <property name="java.vm.specification.version" value="1.8"/>
    <property name="sun.arch.data.model" value="64"/>
    <property name="java.home" value="C:\Java\jdk1.8.0_05\jre"/>
    <property name="sun.java.command" value="org.codehaus.plexus.classworlds.launcher.Launcher -B clean install"/>
    <property name="java.specification.vendor" value="Oracle Corporation"/>
    <property name="user.language" value="pt"/>
    <property name="awt.toolkit" value="sun.awt.windows.WToolkit"/>
    <property name="java.vm.info" value="mixed mode"/>
    <property name="java.version" value="1.8.0_05"/>
    <property name="java.ext.dirs" value="C:\Java\jdk1.8.0_05\jre\lib\ext;C:\Windows\Sun\Java\lib\ext"/>
    <property name="sun.boot.class.path" value="C:\Java\jdk1.8.0_05\jre\lib\resources.jar;C:\Java\jdk1.8.0_05\jre\lib\rt.jar;C:\Java\jdk1.8.0_05\jre\lib\sunrsasign.jar;C:\Java\jdk1.8.0_05\jre\lib\jsse.jar;C:\Java\jdk1.8.0_05\jre\lib\jce.jar;C:\Java\jdk1.8.0_05\jre\lib\charsets.jar;C:\Java\jdk1.8.0_05\jre\lib\jfr.jar;C:\Java\jdk1.8.0_05\jre\classes"/>
    <property name="java.vendor" value="Oracle Corporation"/>
    <property name="maven.home" value="C:\Users\Guilherme\workspace\marfeel\EMBEDDED"/>
    <property name="file.separator" value="\"/>
    <property name="java.vendor.url.bug" value="http://bugreport.sun.com/bugreport/"/>
    <property name="sun.cpu.endian" value="little"/>
    <property name="sun.io.unicode.encoding" value="UnicodeLittle"/>
    <property name="sun.desktop" value="windows"/>
    <property name="sun.cpu.isalist" value="amd64"/>
  </properties>
  <testcase classname="com.guilherme.marfeel.business.MarfeelizableTest" name="testEmptyTitle" time="0.7"/>
  <testcase classname="com.guilherme.marfeel.business.MarfeelizableTest" name="testIsMarfeelizableSpanish" time="0"/>
  <testcase classname="com.guilherme.marfeel.business.MarfeelizableTest" name="testIsMarfeelizableEnglish" time="0"/>
  <testcase classname="com.guilherme.marfeel.business.MarfeelizableTest" name="testIsMarfeelizableLowerCase" time="0"/>
  <testcase classname="com.guilherme.marfeel.business.MarfeelizableTest" name="testIsNotMarfeelizable" time="0.001"/>
</testsuite>